The system is: Darwin - 12.4.0 - i386
Compiling the C compiler identification source file "CMakeCCompilerId.c" succeeded.
Compiler: /usr/bin/cc 
Build flags: 
Id flags: 

The output was:
0


Compilation of the C compiler identification source "CMakeCCompilerId.c" produced "a.out"

The C compiler identification is Clang, found in "/Users/vincent/Workspace/recast.js/src_cpp/CMakeFiles/2.8.10.2/CompilerIdC/a.out"

Compiling the CXX compiler identification source file "CMakeCXXCompilerId.cpp" succeeded.
Compiler: /usr/bin/c++ 
Build flags: 
Id flags: 

The output was:
0


Compilation of the CXX compiler identification source "CMakeCXXCompilerId.cpp" produced "a.out"

The CXX compiler identification is Clang, found in "/Users/vincent/Workspace/recast.js/src_cpp/CMakeFiles/2.8.10.2/CompilerIdCXX/a.out"

Determining if the C compiler works passed with the following output:
Change Dir: /Users/vincent/Workspace/recast.js/src_cpp/CMakeFiles/CMakeTmp

Run Build Command:/opt/local/bin/gmake "cmTryCompileExec2283450247/fast"
/opt/local/bin/gmake -f CMakeFiles/cmTryCompileExec2283450247.dir/build.make CMakeFiles/cmTryCompileExec2283450247.dir/build
gmake[1] : on entre dans le répertoire « /Users/vincent/Workspace/recast.js/src_cpp/CMakeFiles/CMakeTmp »
/usr/local/Cellar/cmake/2.8.10.2/bin/cmake -E cmake_progress_report /Users/vincent/Workspace/recast.js/src_cpp/CMakeFiles/CMakeTmp/CMakeFiles 1
Building C object CMakeFiles/cmTryCompileExec2283450247.dir/testCCompiler.c.o
/usr/bin/cc    -o CMakeFiles/cmTryCompileExec2283450247.dir/testCCompiler.c.o   -c /Users/vincent/Workspace/recast.js/src_cpp/CMakeFiles/CMakeTmp/testCCompiler.c
Linking C executable cmTryCompileExec2283450247
/usr/local/Cellar/cmake/2.8.10.2/bin/cmake -E cmake_link_script CMakeFiles/cmTryCompileExec2283450247.dir/link.txt --verbose=1
/usr/bin/cc      -Wl,-search_paths_first -Wl,-headerpad_max_install_names   CMakeFiles/cmTryCompileExec2283450247.dir/testCCompiler.c.o  -o cmTryCompileExec2283450247  
gmake[1] : on quitte le répertoire « /Users/vincent/Workspace/recast.js/src_cpp/CMakeFiles/CMakeTmp »


Detecting C compiler ABI info compiled with the following output:
Change Dir: /Users/vincent/Workspace/recast.js/src_cpp/CMakeFiles/CMakeTmp

Run Build Command:/opt/local/bin/gmake "cmTryCompileExec147481951/fast"
/opt/local/bin/gmake -f CMakeFiles/cmTryCompileExec147481951.dir/build.make CMakeFiles/cmTryCompileExec147481951.dir/build
gmake[1] : on entre dans le répertoire « /Users/vincent/Workspace/recast.js/src_cpp/CMakeFiles/CMakeTmp »
/usr/local/Cellar/cmake/2.8.10.2/bin/cmake -E cmake_progress_report /Users/vincent/Workspace/recast.js/src_cpp/CMakeFiles/CMakeTmp/CMakeFiles 1
Building C object CMakeFiles/cmTryCompileExec147481951.dir/CMakeCCompilerABI.c.o
/usr/bin/cc    -o CMakeFiles/cmTryCompileExec147481951.dir/CMakeCCompilerABI.c.o   -c /usr/local/Cellar/cmake/2.8.10.2/share/cmake/Modules/CMakeCCompilerABI.c
Linking C executable cmTryCompileExec147481951
/usr/local/Cellar/cmake/2.8.10.2/bin/cmake -E cmake_link_script CMakeFiles/cmTryCompileExec147481951.dir/link.txt --verbose=1
/usr/bin/cc      -Wl,-search_paths_first -Wl,-headerpad_max_install_names -v CMakeFiles/cmTryCompileExec147481951.dir/CMakeCCompilerABI.c.o  -o cmTryCompileExec147481951   
Apple LLVM version 4.2 (clang-425.0.28) (based on LLVM 3.2svn)
Target: x86_64-apple-darwin12.4.0
Thread model: posix
 "/usr/bin/ld" -demangle -dynamic -arch x86_64 -macosx_version_min 10.8.0 -o cmTryCompileExec147481951 -search_paths_first -headerpad_max_install_names CMakeFiles/cmTryCompileExec147481951.dir/CMakeCCompilerABI.c.o -lSystem /usr/bin/../lib/clang/4.2/lib/darwin/libclang_rt.osx.a
gmake[1] : on quitte le répertoire « /Users/vincent/Workspace/recast.js/src_cpp/CMakeFiles/CMakeTmp »


Parsed C implicit link information from above output:
  link line regex: [^( *|.*[/\])(ld|ld|collect2)[^/\]*( |$)]
  ignore line: [Change Dir: /Users/vincent/Workspace/recast.js/src_cpp/CMakeFiles/CMakeTmp]
  ignore line: []
  ignore line: [Run Build Command:/opt/local/bin/gmake "cmTryCompileExec147481951/fast"]
  ignore line: [/opt/local/bin/gmake -f CMakeFiles/cmTryCompileExec147481951.dir/build.make CMakeFiles/cmTryCompileExec147481951.dir/build]
  ignore line: [gmake[1] : on entre dans le répertoire « /Users/vincent/Workspace/recast.js/src_cpp/CMakeFiles/CMakeTmp »]
  ignore line: [/usr/local/Cellar/cmake/2.8.10.2/bin/cmake -E cmake_progress_report /Users/vincent/Workspace/recast.js/src_cpp/CMakeFiles/CMakeTmp/CMakeFiles 1]
  ignore line: [Building C object CMakeFiles/cmTryCompileExec147481951.dir/CMakeCCompilerABI.c.o]
  ignore line: [/usr/bin/cc    -o CMakeFiles/cmTryCompileExec147481951.dir/CMakeCCompilerABI.c.o   -c /usr/local/Cellar/cmake/2.8.10.2/share/cmake/Modules/CMakeCCompilerABI.c]
  ignore line: [Linking C executable cmTryCompileExec147481951]
  ignore line: [/usr/local/Cellar/cmake/2.8.10.2/bin/cmake -E cmake_link_script CMakeFiles/cmTryCompileExec147481951.dir/link.txt --verbose=1]
  ignore line: [/usr/bin/cc      -Wl,-search_paths_first -Wl,-headerpad_max_install_names -v CMakeFiles/cmTryCompileExec147481951.dir/CMakeCCompilerABI.c.o  -o cmTryCompileExec147481951   ]
  ignore line: [Apple LLVM version 4.2 (clang-425.0.28) (based on LLVM 3.2svn)]
  ignore line: [Target: x86_64-apple-darwin12.4.0]
  ignore line: [Thread model: posix]
  link line: [ "/usr/bin/ld" -demangle -dynamic -arch x86_64 -macosx_version_min 10.8.0 -o cmTryCompileExec147481951 -search_paths_first -headerpad_max_install_names CMakeFiles/cmTryCompileExec147481951.dir/CMakeCCompilerABI.c.o -lSystem /usr/bin/../lib/clang/4.2/lib/darwin/libclang_rt.osx.a]
    arg [/usr/bin/ld] ==> ignore
    arg [-demangle] ==> ignore
    arg [-dynamic] ==> ignore
    arg [-arch] ==> ignore
    arg [x86_64] ==> ignore
    arg [-macosx_version_min] ==> ignore
    arg [10.8.0] ==> ignore
    arg [-o] ==> ignore
    arg [cmTryCompileExec147481951] ==> ignore
    arg [-search_paths_first] ==> ignore
    arg [-headerpad_max_install_names] ==> ignore
    arg [CMakeFiles/cmTryCompileExec147481951.dir/CMakeCCompilerABI.c.o] ==> ignore
    arg [-lSystem] ==> lib [System]
    arg [/usr/bin/../lib/clang/4.2/lib/darwin/libclang_rt.osx.a] ==> lib [/usr/bin/../lib/clang/4.2/lib/darwin/libclang_rt.osx.a]
  remove lib [System]
  implicit libs: [/usr/bin/../lib/clang/4.2/lib/darwin/libclang_rt.osx.a]
  implicit dirs: []


Determining if the CXX compiler works passed with the following output:
Change Dir: /Users/vincent/Workspace/recast.js/src_cpp/CMakeFiles/CMakeTmp

Run Build Command:/opt/local/bin/gmake "cmTryCompileExec284089831/fast"
/opt/local/bin/gmake -f CMakeFiles/cmTryCompileExec284089831.dir/build.make CMakeFiles/cmTryCompileExec284089831.dir/build
gmake[1] : on entre dans le répertoire « /Users/vincent/Workspace/recast.js/src_cpp/CMakeFiles/CMakeTmp »
/usr/local/Cellar/cmake/2.8.10.2/bin/cmake -E cmake_progress_report /Users/vincent/Workspace/recast.js/src_cpp/CMakeFiles/CMakeTmp/CMakeFiles 1
Building CXX object CMakeFiles/cmTryCompileExec284089831.dir/testCXXCompiler.cxx.o
/usr/bin/c++     -o CMakeFiles/cmTryCompileExec284089831.dir/testCXXCompiler.cxx.o -c /Users/vincent/Workspace/recast.js/src_cpp/CMakeFiles/CMakeTmp/testCXXCompiler.cxx
Linking CXX executable cmTryCompileExec284089831
/usr/local/Cellar/cmake/2.8.10.2/bin/cmake -E cmake_link_script CMakeFiles/cmTryCompileExec284089831.dir/link.txt --verbose=1
/usr/bin/c++       -Wl,-search_paths_first -Wl,-headerpad_max_install_names   CMakeFiles/cmTryCompileExec284089831.dir/testCXXCompiler.cxx.o  -o cmTryCompileExec284089831  
gmake[1] : on quitte le répertoire « /Users/vincent/Workspace/recast.js/src_cpp/CMakeFiles/CMakeTmp »


Detecting CXX compiler ABI info compiled with the following output:
Change Dir: /Users/vincent/Workspace/recast.js/src_cpp/CMakeFiles/CMakeTmp

Run Build Command:/opt/local/bin/gmake "cmTryCompileExec2833728824/fast"
/opt/local/bin/gmake -f CMakeFiles/cmTryCompileExec2833728824.dir/build.make CMakeFiles/cmTryCompileExec2833728824.dir/build
gmake[1] : on entre dans le répertoire « /Users/vincent/Workspace/recast.js/src_cpp/CMakeFiles/CMakeTmp »
/usr/local/Cellar/cmake/2.8.10.2/bin/cmake -E cmake_progress_report /Users/vincent/Workspace/recast.js/src_cpp/CMakeFiles/CMakeTmp/CMakeFiles 1
Building CXX object CMakeFiles/cmTryCompileExec2833728824.dir/CMakeCXXCompilerABI.cpp.o
/usr/bin/c++     -o CMakeFiles/cmTryCompileExec2833728824.dir/CMakeCXXCompilerABI.cpp.o -c /usr/local/Cellar/cmake/2.8.10.2/share/cmake/Modules/CMakeCXXCompilerABI.cpp
Linking CXX executable cmTryCompileExec2833728824
/usr/local/Cellar/cmake/2.8.10.2/bin/cmake -E cmake_link_script CMakeFiles/cmTryCompileExec2833728824.dir/link.txt --verbose=1
/usr/bin/c++       -Wl,-search_paths_first -Wl,-headerpad_max_install_names -v CMakeFiles/cmTryCompileExec2833728824.dir/CMakeCXXCompilerABI.cpp.o  -o cmTryCompileExec2833728824   
Apple LLVM version 4.2 (clang-425.0.28) (based on LLVM 3.2svn)
Target: x86_64-apple-darwin12.4.0
Thread model: posix
 "/usr/bin/ld" -demangle -dynamic -arch x86_64 -macosx_version_min 10.8.0 -o cmTryCompileExec2833728824 -search_paths_first -headerpad_max_install_names CMakeFiles/cmTryCompileExec2833728824.dir/CMakeCXXCompilerABI.cpp.o -lstdc++ -lSystem /usr/bin/../lib/clang/4.2/lib/darwin/libclang_rt.osx.a
gmake[1] : on quitte le répertoire « /Users/vincent/Workspace/recast.js/src_cpp/CMakeFiles/CMakeTmp »


Parsed CXX implicit link information from above output:
  link line regex: [^( *|.*[/\])(ld|ld|collect2)[^/\]*( |$)]
  ignore line: [Change Dir: /Users/vincent/Workspace/recast.js/src_cpp/CMakeFiles/CMakeTmp]
  ignore line: []
  ignore line: [Run Build Command:/opt/local/bin/gmake "cmTryCompileExec2833728824/fast"]
  ignore line: [/opt/local/bin/gmake -f CMakeFiles/cmTryCompileExec2833728824.dir/build.make CMakeFiles/cmTryCompileExec2833728824.dir/build]
  ignore line: [gmake[1] : on entre dans le répertoire « /Users/vincent/Workspace/recast.js/src_cpp/CMakeFiles/CMakeTmp »]
  ignore line: [/usr/local/Cellar/cmake/2.8.10.2/bin/cmake -E cmake_progress_report /Users/vincent/Workspace/recast.js/src_cpp/CMakeFiles/CMakeTmp/CMakeFiles 1]
  ignore line: [Building CXX object CMakeFiles/cmTryCompileExec2833728824.dir/CMakeCXXCompilerABI.cpp.o]
  ignore line: [/usr/bin/c++     -o CMakeFiles/cmTryCompileExec2833728824.dir/CMakeCXXCompilerABI.cpp.o -c /usr/local/Cellar/cmake/2.8.10.2/share/cmake/Modules/CMakeCXXCompilerABI.cpp]
  ignore line: [Linking CXX executable cmTryCompileExec2833728824]
  ignore line: [/usr/local/Cellar/cmake/2.8.10.2/bin/cmake -E cmake_link_script CMakeFiles/cmTryCompileExec2833728824.dir/link.txt --verbose=1]
  ignore line: [/usr/bin/c++       -Wl,-search_paths_first -Wl,-headerpad_max_install_names -v CMakeFiles/cmTryCompileExec2833728824.dir/CMakeCXXCompilerABI.cpp.o  -o cmTryCompileExec2833728824   ]
  ignore line: [Apple LLVM version 4.2 (clang-425.0.28) (based on LLVM 3.2svn)]
  ignore line: [Target: x86_64-apple-darwin12.4.0]
  ignore line: [Thread model: posix]
  link line: [ "/usr/bin/ld" -demangle -dynamic -arch x86_64 -macosx_version_min 10.8.0 -o cmTryCompileExec2833728824 -search_paths_first -headerpad_max_install_names CMakeFiles/cmTryCompileExec2833728824.dir/CMakeCXXCompilerABI.cpp.o -lstdc++ -lSystem /usr/bin/../lib/clang/4.2/lib/darwin/libclang_rt.osx.a]
    arg [/usr/bin/ld] ==> ignore
    arg [-demangle] ==> ignore
    arg [-dynamic] ==> ignore
    arg [-arch] ==> ignore
    arg [x86_64] ==> ignore
    arg [-macosx_version_min] ==> ignore
    arg [10.8.0] ==> ignore
    arg [-o] ==> ignore
    arg [cmTryCompileExec2833728824] ==> ignore
    arg [-search_paths_first] ==> ignore
    arg [-headerpad_max_install_names] ==> ignore
    arg [CMakeFiles/cmTryCompileExec2833728824.dir/CMakeCXXCompilerABI.cpp.o] ==> ignore
    arg [-lstdc++] ==> lib [stdc++]
    arg [-lSystem] ==> lib [System]
    arg [/usr/bin/../lib/clang/4.2/lib/darwin/libclang_rt.osx.a] ==> lib [/usr/bin/../lib/clang/4.2/lib/darwin/libclang_rt.osx.a]
  remove lib [System]
  implicit libs: [stdc++;/usr/bin/../lib/clang/4.2/lib/darwin/libclang_rt.osx.a]
  implicit dirs: []


